This is e-pTeX, Version 3.14159265-p3.7-160201-2.6 (utf8.euc) (TeX Live 2016) (preloaded format=platex 2016.12.6)  22 AUG 2018 17:42
entering extended mode
 restricted \write18 enabled.
 file:line:error style messages enabled.
 %&-line parsing enabled.
**ã^^83^^86ã^^82^^99ã^^83è‹¥^^82ç²‹Ð’æ^^9e^^90.tex
(./ã^^83^^86ã^^82^^99ã^^83è‹¥^^82ç²‹Ð’æ^^9e^^90.tex
pLaTeX2e <2016/05/07> (based on LaTeX2e <2016/03/31>)
Babel <3.9r> and hyphenation patterns for 83 language(s) loaded.
(/usr/local/texlive/2016/texmf-dist/tex/platex/jsclasses/jsarticle.cls
Document Class: jsarticle 2014/02/07 okumura
LaTeX Info: Redefining \rmfamily on input line 352.
LaTeX Info: Redefining \sffamily on input line 355.
LaTeX Info: Redefining \ttfamily on input line 358.
\symmincho=\mathgroup4
LaTeX Font Info:    Overwriting symbol font `mincho' in version `bold'
(Font)                  JY1/mc/m/n --> JY1/gt/m/n on input line 423.
LaTeX Font Info:    Font shape `JT1/mc/m/n' will be
(Font)              scaled to size 9.60999pt on input line 613.
LaTeX Font Info:    Font shape `JY1/mc/m/n' will be
(Font)              scaled to size 9.60999pt on input line 613.
\fullwidth=\dimen118
LaTeX Font Info:    Font shape `JT1/mc/m/n' will be
(Font)              scaled to size 7.68799pt on input line 760.
LaTeX Font Info:    Font shape `JY1/mc/m/n' will be
(Font)              scaled to size 7.68799pt on input line 760.
\c@part=\count81
\c@section=\count82
\c@subsection=\count83
\c@subsubsection=\count84
\c@paragraph=\count85
\c@subparagraph=\count86
\@abstractbox=\box41
\c@figure=\count87
\c@table=\count88
\abovecaptionskip=\skip41
\belowcaptionskip=\skip42
\js@tocl@width=\dimen119
\@lnumwidth=\dimen120
\bibindent=\dimen121
LaTeX Info: Redefining \TeX on input line 1731.
LaTeX Info: Redefining \LaTeX on input line 1757.
LaTeX Info: Redefining \LaTeXe on input line 1782.
\heisei=\count89
) (/usr/local/texlive/2016/texmf-dist/tex/latex/tools/multicol.sty
Package: multicol 2016/04/07 v1.8p multicolumn formatting (FMi)
\c@tracingmulticols=\count90
\mult@box=\box42
\multicol@leftmargin=\dimen122
\c@unbalance=\count91
\c@collectmore=\count92
\doublecol@number=\count93
\multicoltolerance=\count94
\multicolpretolerance=\count95
\full@width=\dimen123
\page@free=\dimen124
\premulticols=\dimen125
\postmulticols=\dimen126
\multicolsep=\skip43
\multicolbaselineskip=\skip44
\partial@page=\box43
\last@line=\box44
\maxbalancingoverflow=\dimen127
\mult@rightbox=\box45
\mult@grightbox=\box46
\mult@gfirstbox=\box47
\mult@firstbox=\box48
\@tempa=\box49
\@tempa=\box50
\@tempa=\box51
\@tempa=\box52
\@tempa=\box53
\@tempa=\box54
\@tempa=\box55
\@tempa=\box56
\@tempa=\box57
\@tempa=\box58
\@tempa=\box59
\@tempa=\box60
\@tempa=\box61
\@tempa=\box62
\@tempa=\box63
\@tempa=\box64
\@tempa=\box65
\c@columnbadness=\count96
\c@finalcolumnbadness=\count97
\last@try=\dimen128
\multicolovershoot=\dimen129
\multicolundershoot=\dimen130
\mult@nat@firstbox=\box66
\colbreak@box=\box67
\mc@col@check@num=\count98
)
(/usr/local/texlive/2016/texmf-dist/tex/latex/tools/verbatim.sty
Package: verbatim 2014/10/28 v1.5q LaTeX2e package for verbatim enhancements
\every@verbatim=\toks15
\verbatim@line=\toks16
\verbatim@in@stream=\read1
)
(/usr/local/texlive/2016/texmf-dist/tex/latex/amsmath/amsmath.sty
Package: amsmath 2016/03/10 v2.15b AMS math features
\@mathmargin=\skip45

For additional information on amsmath, use the `?' option.
(/usr/local/texlive/2016/texmf-dist/tex/latex/amsmath/amstext.sty
Package: amstext 2000/06/29 v2.01 AMS text

(/usr/local/texlive/2016/texmf-dist/tex/latex/amsmath/amsgen.sty
File: amsgen.sty 1999/11/30 v2.0 generic functions
\@emptytoks=\toks17
\ex@=\dimen131
))
(/usr/local/texlive/2016/texmf-dist/tex/latex/amsmath/amsbsy.sty
Package: amsbsy 1999/11/29 v1.2d Bold Symbols
\pmbraise@=\dimen132
)
(/usr/local/texlive/2016/texmf-dist/tex/latex/amsmath/amsopn.sty
Package: amsopn 2016/03/08 v2.02 operator names
)
\inf@bad=\count99
LaTeX Info: Redefining \frac on input line 199.
\uproot@=\count100
\leftroot@=\count101
LaTeX Info: Redefining \overline on input line 297.
\classnum@=\count102
\DOTSCASE@=\count103
LaTeX Info: Redefining \ldots on input line 394.
LaTeX Info: Redefining \dots on input line 397.
LaTeX Info: Redefining \cdots on input line 518.
\Mathstrutbox@=\box68
\strutbox@=\box69
\big@size=\dimen133
LaTeX Font Info:    Redeclaring font encoding OML on input line 634.
LaTeX Font Info:    Redeclaring font encoding OMS on input line 635.
\macc@depth=\count104
\c@MaxMatrixCols=\count105
\dotsspace@=\muskip10
\c@parentequation=\count106
\dspbrk@lvl=\count107
\tag@help=\toks18
\row@=\count108
\column@=\count109
\maxfields@=\count110
\andhelp@=\toks19
\eqnshift@=\dimen134
\alignsep@=\dimen135
\tagshift@=\dimen136
\tagwidth@=\dimen137
\totwidth@=\dimen138
\lineht@=\dimen139
\@envbody=\toks20
\multlinegap=\skip46
\multlinetaggap=\skip47
\mathdisplay@stack=\toks21
LaTeX Info: Redefining \[ on input line 2739.
LaTeX Info: Redefining \] on input line 2740.
)
(/usr/local/texlive/2016/texmf-dist/tex/latex/graphics/graphicx.sty
Package: graphicx 2014/10/28 v1.0g Enhanced LaTeX Graphics (DPC,SPQR)

(/usr/local/texlive/2016/texmf-dist/tex/latex/graphics/keyval.sty
Package: keyval 2014/10/28 v1.15 key=value parser (DPC)
\KV@toks@=\toks22
)
(/usr/local/texlive/2016/texmf-dist/tex/latex/graphics/graphics.sty
Package: graphics 2016/05/09 v1.0r Standard LaTeX Graphics (DPC,SPQR)

(/usr/local/texlive/2016/texmf-dist/tex/latex/graphics/trig.sty
Package: trig 2016/01/03 v1.10 sin cos tan (DPC)
)
(/usr/local/texlive/2016/texmf-dist/tex/latex/graphics-cfg/graphics.cfg
File: graphics.cfg 2016/01/02 v1.10 sample graphics configuration
)
Package graphics Info: Driver file: dvipdfmx.def on input line 96.

(/usr/local/texlive/2016/texmf-dist/tex/latex/dvipdfmx-def/dvipdfmx.def
File: dvipdfmx.def 2016/04/06 v4.08 LaTeX color/graphics driver for dvipdfmx (T
eX Live/ChoF)

(/usr/local/texlive/2016/texmf-dist/tex/generic/oberdiek/infwarerr.sty
Package: infwarerr 2016/05/16 v1.4 Providing info/warning/error messages (HO)
)
(/usr/local/texlive/2016/texmf-dist/tex/generic/oberdiek/ltxcmds.sty
Package: ltxcmds 2016/05/16 v1.23 LaTeX kernel commands for general use (HO)
)))
\Gin@req@height=\dimen140
\Gin@req@width=\dimen141
)
(/usr/local/texlive/2016/texmf-dist/tex/latex/jknapltx/mathrsfs.sty
Package: mathrsfs 1996/01/01 Math RSFS package v1.0 (jk)
\symrsfs=\mathgroup5
)
(/usr/local/texlive/2016/texmf-dist/tex/latex/tools/bm.sty
Package: bm 2016/02/27 v1.2a Bold Symbol Support (DPC/FMi)
\symboldoperators=\mathgroup6
\symboldletters=\mathgroup7
\symboldsymbols=\mathgroup8
\symboldmincho=\mathgroup9
LaTeX Font Info:    Redeclaring math alphabet \mathbf on input line 142.
LaTeX Info: Redefining \bm on input line 208.
)
(/usr/local/texlive/2016/texmf-dist/tex/latex/braket/braket.sty)
(./ã^^83^^86ã^^82^^99ã^^83è‹¥^^82ç²‹Ð’æ^^9e^^90.aux)
\openout1 = `ã^^83^^86ã^^82^^99ã^^83è‹¥^^82ç²‹Ð’æ^^9e^^90.aux'.

LaTeX Font Info:    Checking defaults for OML/cmm/m/it on input line 56.
LaTeX Font Info:    ... okay on input line 56.
LaTeX Font Info:    Checking defaults for T1/cmr/m/n on input line 56.
LaTeX Font Info:    ... okay on input line 56.
LaTeX Font Info:    Checking defaults for OT1/cmr/m/n on input line 56.
LaTeX Font Info:    ... okay on input line 56.
LaTeX Font Info:    Checking defaults for OMS/cmsy/m/n on input line 56.
LaTeX Font Info:    ... okay on input line 56.
LaTeX Font Info:    Checking defaults for OMX/cmex/m/n on input line 56.
LaTeX Font Info:    ... okay on input line 56.
LaTeX Font Info:    Checking defaults for U/cmr/m/n on input line 56.
LaTeX Font Info:    ... okay on input line 56.
LaTeX Font Info:    Checking defaults for JY1/mc/m/n on input line 56.
LaTeX Font Info:    ... okay on input line 56.
LaTeX Font Info:    Checking defaults for JT1/mc/m/n on input line 56.
LaTeX Font Info:    ... okay on input line 56.
LaTeX Font Info:    Font shape `JT1/mc/m/n' will be
(Font)              scaled to size 16.60605pt on input line 59.
LaTeX Font Info:    Font shape `JY1/mc/m/n' will be
(Font)              scaled to size 16.60605pt on input line 59.
LaTeX Font Info:    Font shape `JT1/mc/m/n' will be
(Font)              scaled to size 11.53198pt on input line 59.
LaTeX Font Info:    Font shape `JY1/mc/m/n' will be
(Font)              scaled to size 11.53198pt on input line 59.
LaTeX Font Info:    Font shape `JY1/mc/m/n' will be
(Font)              scaled to size 5.76599pt on input line 59.
LaTeX Font Info:    Try loading font information for U+rsfs on input line 59.

(/usr/local/texlive/2016/texmf-dist/tex/latex/jknapltx/ursfs.fd
File: ursfs.fd 1998/03/24 rsfs font definition file (jk)
)
LaTeX Font Info:    Font shape `JY1/gt/m/n' will be
(Font)              scaled to size 11.53198pt on input line 59.
LaTeX Font Info:    Font shape `JY1/gt/m/n' will be
(Font)              scaled to size 7.68799pt on input line 59.
LaTeX Font Info:    Font shape `JY1/gt/m/n' will be
(Font)              scaled to size 5.76599pt on input line 59.
LaTeX Font Info:    Font shape `JT1/mc/m/n' will be
(Font)              scaled to size 8.64899pt on input line 62.
LaTeX Font Info:    Font shape `JY1/mc/m/n' will be
(Font)              scaled to size 8.64899pt on input line 62.
LaTeX Font Info:    Font shape `JT1/gt/m/n' will be
(Font)              scaled to size 8.64899pt on input line 62.
LaTeX Font Info:    Font shape `JY1/gt/m/n' will be
(Font)              scaled to size 8.64899pt on input line 62.
LaTeX Font Info:    Font shape `JT1/mc/m/n' will be
(Font)              scaled to size 13.83836pt on input line 100.
LaTeX Font Info:    Font shape `JY1/mc/m/n' will be
(Font)              scaled to size 13.83836pt on input line 100.
LaTeX Font Info:    Font shape `JT1/gt/m/n' will be
(Font)              scaled to size 13.83836pt on input line 100.
LaTeX Font Info:    Font shape `JY1/gt/m/n' will be
(Font)              scaled to size 13.83836pt on input line 100.
File: images/karada1.png Graphic file (type bmp)

<images/karada1.png>
File: images/karada.png Graphic file (type bmp)
 <images/karada.png>
LaTeX Font Info:    Font shape `JT1/gt/m/n' will be
(Font)              scaled to size 11.53198pt on input line 171.
LaTeX Font Info:    Font shape `JY1/mc/m/n' will be
(Font)              scaled to size 6.72699pt on input line 172.
LaTeX Font Info:    Font shape `JY1/mc/m/n' will be
(Font)              scaled to size 4.805pt on input line 172.
LaTeX Font Info:    Font shape `JY1/gt/m/n' will be
(Font)              scaled to size 9.60999pt on input line 172.
LaTeX Font Info:    Font shape `JY1/gt/m/n' will be
(Font)              scaled to size 6.72699pt on input line 172.
LaTeX Font Info:    Font shape `JY1/gt/m/n' will be
(Font)              scaled to size 4.805pt on input line 172.
 [1

]
File: images/tym3.eps Graphic file (type eps)
 <images/tym3.eps> [2]
File: images/kkdata1.eps Graphic file (type eps)

<images/kkdata1.eps>
File: images/kkdata2.eps Graphic file (type eps)
 <images/kkdata2.eps> [3]
File: images/hikakudata1.eps Graphic file (type eps)
 <images/hikakudata1.eps>
File: images/hikakudata2.eps Graphic file (type eps)

<images/hikakudata2.eps> [4]
File: images/hikakudata3.eps Graphic file (type eps)
 <images/hikakudata3.eps>
File: images/hikakudata4.eps Graphic file (type eps)
 <images/hikakudata4.eps>
[5] [6] [7]
LaTeX Font Info:    Font shape `JT1/mc/m/n' will be
(Font)              scaled to size 6.72699pt on input line 369.
LaTeX Font Info:    Font shape `JT1/gt/m/n' will be
(Font)              scaled to size 6.72699pt on input line 370.

Overfull \hbox (9.54506pt too wide) in paragraph at lines 431--431
[]    \OT1/cmtt/m/n/7 60 ef = open('bandpass11_1.txt','w',encoding="shift-jis")
[] 
 []


Overfull \hbox (13.26385pt too wide) in paragraph at lines 453--453
[]    \OT1/cmtt/m/n/7 10   while((fscanf(rf,"%lf,%lf",&data[0],&data[1]))!=EOF)
{[] 
 []


Overfull \hbox (2.10747pt too wide) in paragraph at lines 483--483
[]    \OT1/cmtt/m/n/7 17 /*------------------------------------------------*/[]
 
 []

[8]
Overfull \hbox (35.57663pt too wide) in paragraph at lines 524--524
[]    \OT1/cmtt/m/n/7 58     fprintf(wf,"%lf,%lf\n",((double)(i+(DT/2))/1000.0)
,a[i]);[] 
 []


Overfull \hbox (16.98265pt too wide) in paragraph at lines 577--577
[]    \OT1/cmtt/m/n/7 (makar = atoi(argv[2])) ==0 || (dmen = atoi(argv[3]))==0 
){[] 
 []


Overfull \hbox (13.26385pt too wide) in paragraph at lines 599--599
[]    \OT1/cmtt/m/n/7 36   while(fscanf(rf,"%lf ,%lf ",&data[0],&data[1])!=EOF)
{[] 
 []

[9] [10] (./ã^^83^^86ã^^82^^99ã^^83è‹¥^^82ç²‹Ð’æ^^9e^^90.aux) ) 
Here is how much of TeX's memory you used:
 1889 strings out of 493693
 23453 string characters out of 6149787
 109255 words of memory out of 5000000
 5418 multiletter control sequences out of 15000+600000
 23517 words of font info for 104 fonts, out of 8000000 for 9000
 934 hyphenation exceptions out of 8191
 27i,6n,21p,940b,504s stack positions out of 5000i,500n,10000p,200000b,80000s

Output written on ã^^83^^86ã^^82^^99ã^^83è‹¥^^82ç²‹Ð’æ^^9e^^90.dvi (10 pages, 257
96 bytes).
